<?xml version="1.0" encoding="utf-8"?><testsuites><testsuite name="pytest" errors="0" failures="0" skipped="0" tests="5" time="0.053" timestamp="2023-06-09T14:54:16.923146" hostname="DESKTOP-P6NG0QA"><testcase classname="tests.test_bytebank.TestClass" name="test_quando_idade_recebe_01_01_2000_deve_retornar_23" time="0.002" /><testcase classname="tests.test_bytebank.TestClass" name="test_quando_sobrenome_recebe_Jeferson_Felix_deve_retornar_Felix" time="0.000" /><testcase classname="tests.test_bytebank.TestClass" name="test_quando_decrecimo_salario_recebe_100000_deve_retornar_90000" time="0.001" /><testcase classname="tests.test_bytebank.TestClass" name="test_quando_calcular_bonus_recebe_1000_deve_retornar_100" time="0.000" /><testcase classname="tests.test_bytebank.TestClass" name="test_quando_calcular_bonus_recebe_1000000_deve_retornar_exception" time="0.001" /></testsuite></testsuites>